<?xml version="1.0" encoding="UTF-8"?>
<!-- Generated by org.testng.reporters.JUnitReportReporter -->
<testsuite skipped="0" hostname="raktim-H81M-S" name="test.TestNg_Demo" tests="1" failures="0" timestamp="04 Mar 2019 10:32:00 GMT" time="11.850" errors="0">
  <testcase name="googleSearch" time="11.850" classname="test.TestNg_Demo"/>
</testsuite> <!-- test.TestNg_Demo -->
